TN:
SF:src\applications\book\bookServices.js
FN:4,BookService
FN:7,getAllBooks
FN:10,getBookByCode
FN:13,createBook
FN:22,updateBookByCode
FN:25,returnBook
FN:28,borrowBook
FN:31,deleteBookByCode
FNF:8
FNH:2
FNDA:1,BookService
FNDA:1,getAllBooks
FNDA:0,getBookByCode
FNDA:0,createBook
FNDA:0,updateBookByCode
FNDA:0,returnBook
FNDA:0,borrowBook
FNDA:0,deleteBookByCode
DA:1,1
DA:2,1
DA:3,1
DA:4,1
DA:5,1
DA:6,1
DA:7,1
DA:8,1
DA:9,1
DA:10,1
DA:11,0
DA:12,0
DA:13,1
DA:14,0
DA:15,0
DA:16,0
DA:17,0
DA:18,0
DA:19,0
DA:20,0
DA:21,0
DA:22,1
DA:23,0
DA:24,0
DA:25,1
DA:26,0
DA:27,0
DA:28,1
DA:29,0
DA:30,0
DA:31,1
DA:32,0
DA:33,0
DA:34,1
DA:35,1
LF:35
LH:17
BRDA:4,0,0,1
BRDA:7,1,0,1
BRF:2
BRH:2
end_of_record
TN:
SF:src\applications\member\memberServices.js
FN:4,MemberService
FN:7,getAllMembers
FN:10,getMemberByCode
FN:13,createMember
FN:17,updateMemberByCode
FN:20,deleteMemberByCode
FNF:6
FNH:2
FNDA:1,MemberService
FNDA:1,getAllMembers
FNDA:0,getMemberByCode
FNDA:0,createMember
FNDA:0,updateMemberByCode
FNDA:0,deleteMemberByCode
DA:1,1
DA:2,1
DA:3,1
DA:4,1
DA:5,1
DA:6,1
DA:7,1
DA:8,1
DA:9,1
DA:10,1
DA:11,0
DA:12,0
DA:13,1
DA:14,0
DA:15,0
DA:16,0
DA:17,1
DA:18,0
DA:19,0
DA:20,1
DA:21,0
DA:22,0
DA:23,1
DA:24,1
LF:24
LH:15
BRDA:4,0,0,1
BRDA:7,1,0,1
BRF:2
BRH:2
end_of_record
TN:
SF:src\domains\book\Book.js
FN:2,Book
FNF:1
FNH:0
FNDA:0,Book
DA:1,1
DA:2,1
DA:3,0
DA:4,0
DA:5,0
DA:6,0
DA:7,0
DA:8,1
DA:9,1
LF:9
LH:4
BRF:0
BRH:0
end_of_record
TN:
SF:src\domains\book\BookRepository.js
FN:4,findAll
FN:9,findByCode
FN:16,save
FN:20,edit
FN:27,remove
FNF:5
FNH:1
FNDA:1,findAll
FNDA:0,findByCode
FNDA:0,save
FNDA:0,edit
FNDA:0,remove
DA:1,1
DA:2,1
DA:3,1
DA:4,1
DA:5,1
DA:6,1
DA:7,1
DA:8,1
DA:9,1
DA:10,0
DA:11,0
DA:12,0
DA:13,0
DA:14,0
DA:15,1
DA:16,1
DA:17,0
DA:18,0
DA:19,0
DA:20,1
DA:21,0
DA:22,0
DA:23,0
DA:24,0
DA:25,0
DA:26,0
DA:27,1
DA:28,0
DA:29,0
DA:30,0
DA:31,1
LF:31
LH:14
BRDA:4,0,0,1
BRF:1
BRH:1
end_of_record
TN:
SF:src\domains\member\Member.js
FN:2,Member
FNF:1
FNH:0
FNDA:0,Member
DA:1,1
DA:2,1
DA:3,0
DA:4,0
DA:5,1
DA:6,1
LF:6
LH:4
BRF:0
BRH:0
end_of_record
TN:
SF:src\domains\member\MemberRepository.js
FN:4,findAll
FN:9,findByCode
FN:16,save
FN:20,edit
FN:27,remove
FNF:5
FNH:1
FNDA:1,findAll
FNDA:0,findByCode
FNDA:0,save
FNDA:0,edit
FNDA:0,remove
DA:1,1
DA:2,1
DA:3,1
DA:4,1
DA:5,1
DA:6,1
DA:7,1
DA:8,1
DA:9,1
DA:10,0
DA:11,0
DA:12,0
DA:13,0
DA:14,0
DA:15,1
DA:16,1
DA:17,0
DA:18,0
DA:19,0
DA:20,1
DA:21,0
DA:22,0
DA:23,0
DA:24,0
DA:25,0
DA:26,0
DA:27,1
DA:28,0
DA:29,0
DA:30,0
DA:31,1
LF:31
LH:14
BRDA:4,0,0,1
BRF:1
BRH:1
end_of_record
TN:
SF:src\interfaces\controllers\bookController.js
FN:2,BookController
FN:5,getAllBooks
FN:14,getBook
FN:30,createBook
FN:38,returnBook
FN:46,borrowBook
FN:54,updateBook
FN:62,deleteBook
FNF:8
FNH:2
FNDA:1,BookController
FNDA:1,getAllBooks
FNDA:0,getBook
FNDA:0,createBook
FNDA:0,returnBook
FNDA:0,borrowBook
FNDA:0,updateBook
FNDA:0,deleteBook
DA:1,1
DA:2,1
DA:3,1
DA:4,1
DA:5,1
DA:6,1
DA:7,1
DA:8,1
DA:9,1
DA:10,1
DA:11,1
DA:12,1
DA:13,1
DA:14,1
DA:15,0
DA:16,0
DA:17,0
DA:18,0
DA:19,0
DA:20,0
DA:21,0
DA:22,0
DA:23,0
DA:24,0
DA:25,0
DA:26,0
DA:27,0
DA:28,0
DA:29,1
DA:30,1
DA:31,0
DA:32,0
DA:33,0
DA:34,0
DA:35,0
DA:36,0
DA:37,0
DA:38,1
DA:39,0
DA:40,0
DA:41,0
DA:42,0
DA:43,0
DA:44,0
DA:45,0
DA:46,1
DA:47,0
DA:48,0
DA:49,0
DA:50,0
DA:51,0
DA:52,0
DA:53,0
DA:54,1
DA:55,0
DA:56,0
DA:57,0
DA:58,0
DA:59,0
DA:60,0
DA:61,0
DA:62,1
DA:63,0
DA:64,0
DA:65,0
DA:66,0
DA:67,0
DA:68,0
DA:69,0
DA:70,1
DA:71,1
LF:71
LH:22
BRDA:2,0,0,1
BRDA:5,1,0,1
BRF:2
BRH:2
end_of_record
TN:
SF:src\interfaces\controllers\memberController.js
FN:2,MemberController
FN:5,getAllMembers
FN:14,getMember
FN:23,createMember
FN:31,updateMember
FN:39,deleteMember
FNF:6
FNH:2
FNDA:1,MemberController
FNDA:1,getAllMembers
FNDA:0,getMember
FNDA:0,createMember
FNDA:0,updateMember
FNDA:0,deleteMember
DA:1,1
DA:2,1
DA:3,1
DA:4,1
DA:5,1
DA:6,1
DA:7,1
DA:8,1
DA:9,1
DA:10,1
DA:11,1
DA:12,1
DA:13,1
DA:14,1
DA:15,0
DA:16,0
DA:17,0
DA:18,0
DA:19,0
DA:20,0
DA:21,0
DA:22,1
DA:23,1
DA:24,0
DA:25,0
DA:26,0
DA:27,0
DA:28,0
DA:29,0
DA:30,0
DA:31,1
DA:32,0
DA:33,0
DA:34,0
DA:35,0
DA:36,0
DA:37,0
DA:38,0
DA:39,1
DA:40,0
DA:41,0
DA:42,0
DA:43,0
DA:44,0
DA:45,0
DA:46,0
DA:47,1
DA:48,1
LF:48
LH:20
BRDA:2,0,0,1
BRDA:5,1,0,1
BRF:2
BRH:2
end_of_record
