TN:
SF:src\applications\bookServices.js
FN:4,BookService
FN:7,getAllBooks
FN:10,getBookByCode
FN:13,saveBook
FN:22,updateBookByCode
FN:33,deleteBookByCode
FNF:6
FNH:6
FNDA:1,BookService
FNDA:2,getAllBooks
FNDA:12,getBookByCode
FNDA:1,saveBook
FNDA:2,updateBookByCode
FNDA:1,deleteBookByCode
DA:1,1
DA:2,1
DA:3,1
DA:4,1
DA:5,1
DA:6,1
DA:7,1
DA:8,2
DA:9,2
DA:10,1
DA:11,12
DA:12,12
DA:13,1
DA:14,1
DA:15,1
DA:16,1
DA:17,1
DA:18,1
DA:19,1
DA:20,1
DA:21,1
DA:22,1
DA:23,2
DA:24,2
DA:25,2
DA:26,2
DA:27,2
DA:28,2
DA:29,2
DA:30,2
DA:31,2
DA:32,2
DA:33,1
DA:34,1
DA:35,1
DA:36,1
DA:37,1
LF:37
LH:37
BRDA:4,0,0,1
BRDA:7,1,0,2
BRDA:10,2,0,12
BRDA:13,3,0,1
BRDA:22,4,0,2
BRDA:33,5,0,1
BRF:6
BRH:6
end_of_record
TN:
SF:src\applications\memberBookFacadeServices.js
FN:4,MemberBookFacadeService
FN:8,getMemberByCode
FN:11,getBookByCode
FN:14,getMemberBooksByCode
FN:17,getMemberCurrentBooksByCode
FN:20,getBookStockByCode
FN:24,memberBorrowBook
FN:37,memberReturnBook
FNF:8
FNH:8
FNDA:1,MemberBookFacadeService
FNDA:15,getMemberByCode
FNDA:6,getBookByCode
FNDA:2,getMemberBooksByCode
FNDA:5,getMemberCurrentBooksByCode
FNDA:2,getBookStockByCode
FNDA:1,memberBorrowBook
FNDA:1,memberReturnBook
DA:1,1
DA:2,1
DA:3,1
DA:4,1
DA:5,1
DA:6,1
DA:7,1
DA:8,1
DA:9,15
DA:10,15
DA:11,1
DA:12,6
DA:13,6
DA:14,1
DA:15,2
DA:16,2
DA:17,1
DA:18,5
DA:19,5
DA:20,1
DA:21,2
DA:22,2
DA:23,2
DA:24,1
DA:25,1
DA:26,1
DA:27,1
DA:28,1
DA:29,1
DA:30,1
DA:31,1
DA:32,1
DA:33,1
DA:34,1
DA:35,1
DA:36,1
DA:37,1
DA:38,1
DA:39,1
DA:40,1
DA:41,1
DA:42,1
DA:43,1
DA:44,1
DA:45,1
DA:46,1
DA:47,1
DA:48,1
DA:49,1
DA:50,1
LF:50
LH:50
BRDA:4,0,0,1
BRDA:8,1,0,15
BRDA:11,2,0,6
BRDA:14,3,0,2
BRDA:17,4,0,5
BRDA:20,5,0,2
BRDA:24,6,0,1
BRDA:37,7,0,1
BRF:8
BRH:8
end_of_record
TN:
SF:src\applications\memberServices.js
FN:4,MemberService
FN:7,getAllMembers
FN:10,getMemberByCode
FN:14,checkPenalizedStatus
FN:19,createMember
FN:23,updateMemberByCode
FN:26,deleteMemberByCode
FNF:7
FNH:5
FNDA:1,MemberService
FNDA:1,getAllMembers
FNDA:6,getMemberByCode
FNDA:0,checkPenalizedStatus
FNDA:2,createMember
FNDA:1,updateMemberByCode
FNDA:0,deleteMemberByCode
DA:1,1
DA:2,1
DA:3,1
DA:4,1
DA:5,1
DA:6,1
DA:7,1
DA:8,1
DA:9,1
DA:10,1
DA:11,6
DA:12,6
DA:13,1
DA:14,1
DA:15,0
DA:16,0
DA:17,0
DA:18,1
DA:19,1
DA:20,2
DA:21,2
DA:22,2
DA:23,1
DA:24,1
DA:25,1
DA:26,1
DA:27,0
DA:28,0
DA:29,1
DA:30,1
LF:30
LH:25
BRDA:4,0,0,1
BRDA:7,1,0,1
BRDA:10,2,0,6
BRDA:19,3,0,2
BRDA:23,4,0,1
BRF:5
BRH:5
end_of_record
TN:
SF:src\domains\book\Book.js
FN:2,Book
FNF:1
FNH:1
FNDA:5,Book
DA:1,1
DA:2,1
DA:3,5
DA:4,5
DA:5,5
DA:6,5
DA:7,5
DA:8,1
DA:9,1
LF:9
LH:9
BRDA:2,0,0,5
BRF:1
BRH:1
end_of_record
TN:
SF:src\domains\member\Member.js
FN:2,Member
FNF:1
FNH:1
FNDA:2,Member
DA:1,1
DA:2,1
DA:3,2
DA:4,2
DA:5,1
DA:6,1
LF:6
LH:6
BRDA:2,0,0,2
BRF:1
BRH:1
end_of_record
TN:
SF:src\interfaces\controllers\bookController.js
FN:2,BookController
FN:5,getAllBooks
FN:27,getAllAvailableBooks
FN:51,getBook
FN:80,saveBook
FN:115,updateBook
FN:146,deleteBook
FNF:7
FNH:7
FNDA:1,BookController
FNDA:1,getAllBooks
FNDA:1,getAllAvailableBooks
FNDA:4,getBook
FNDA:4,saveBook
FNDA:4,updateBook
FNDA:4,deleteBook
DA:1,1
DA:2,1
DA:3,1
DA:4,1
DA:5,1
DA:6,1
DA:7,1
DA:8,1
DA:9,0
DA:10,0
DA:11,0
DA:12,0
DA:13,0
DA:14,0
DA:15,1
DA:16,1
DA:17,1
DA:18,1
DA:19,1
DA:20,1
DA:21,0
DA:22,0
DA:23,0
DA:24,0
DA:25,0
DA:26,1
DA:27,1
DA:28,1
DA:29,1
DA:30,1
DA:31,0
DA:32,0
DA:33,0
DA:34,0
DA:35,0
DA:36,0
DA:37,1
DA:38,1
DA:39,1
DA:40,1
DA:41,1
DA:42,1
DA:43,1
DA:44,0
DA:45,0
DA:46,0
DA:47,0
DA:48,0
DA:49,1
DA:50,1
DA:51,1
DA:52,4
DA:53,4
DA:54,4
DA:55,1
DA:56,1
DA:57,1
DA:58,1
DA:59,1
DA:60,3
DA:61,4
DA:62,1
DA:63,1
DA:64,1
DA:65,1
DA:66,1
DA:67,1
DA:68,1
DA:69,1
DA:70,1
DA:71,1
DA:72,1
DA:73,1
DA:74,1
DA:75,1
DA:76,1
DA:77,1
DA:78,4
DA:79,1
DA:80,1
DA:81,4
DA:82,4
DA:83,4
DA:84,4
DA:85,1
DA:86,1
DA:87,1
DA:88,1
DA:89,1
DA:90,3
DA:91,4
DA:92,1
DA:93,1
DA:94,1
DA:95,1
DA:96,1
DA:97,1
DA:98,1
DA:99,1
DA:100,1
DA:101,1
DA:102,1
DA:103,1
DA:104,1
DA:105,1
DA:106,1
DA:107,1
DA:108,1
DA:109,1
DA:110,1
DA:111,1
DA:112,1
DA:113,4
DA:114,1
DA:115,1
DA:116,4
DA:117,4
DA:118,4
DA:119,1
DA:120,1
DA:121,1
DA:122,1
DA:123,1
DA:124,3
DA:125,4
DA:126,1
DA:127,1
DA:128,1
DA:129,1
DA:130,1
DA:131,2
DA:132,2
DA:133,1
DA:134,1
DA:135,1
DA:136,1
DA:137,1
DA:138,1
DA:139,1
DA:140,1
DA:141,1
DA:142,1
DA:143,4
DA:144,1
DA:145,1
DA:146,1
DA:147,4
DA:148,4
DA:149,4
DA:150,1
DA:151,1
DA:152,1
DA:153,1
DA:154,1
DA:155,3
DA:156,4
DA:157,1
DA:158,1
DA:159,1
DA:160,1
DA:161,1
DA:162,1
DA:163,1
DA:164,1
DA:165,1
DA:166,1
DA:167,1
DA:168,1
DA:169,1
DA:170,1
DA:171,1
DA:172,1
DA:173,4
DA:174,1
DA:175,1
LF:175
LH:153
BRDA:2,0,0,1
BRDA:5,1,0,1
BRDA:8,2,0,0
BRDA:20,3,0,0
BRDA:27,4,0,1
BRDA:30,5,0,0
BRDA:43,6,0,0
BRDA:51,7,0,4
BRDA:54,8,0,1
BRDA:59,9,0,3
BRDA:60,10,0,2
BRDA:61,11,0,1
BRDA:80,12,0,4
BRDA:84,13,0,3
BRDA:84,14,0,3
BRDA:84,15,0,3
BRDA:84,16,0,1
BRDA:89,17,0,3
BRDA:90,18,0,2
BRDA:91,19,0,1
BRDA:115,20,0,4
BRDA:118,21,0,3
BRDA:118,22,0,3
BRDA:118,23,0,3
BRDA:118,24,0,1
BRDA:123,25,0,3
BRDA:125,26,0,1
BRDA:130,27,0,2
BRDA:132,28,0,1
BRDA:146,29,0,4
BRDA:149,30,0,1
BRDA:154,31,0,3
BRDA:155,32,0,2
BRDA:156,33,0,1
BRF:34
BRH:30
end_of_record
TN:
SF:src\interfaces\controllers\memberBookFacadeController.js
FN:2,MemberBookFacadeController
FN:6,getMemberAllBooks
FN:38,borrowBook
FN:100,returnBook
FNF:4
FNH:4
FNDA:1,MemberBookFacadeController
FNDA:4,getMemberAllBooks
FNDA:7,borrowBook
FNDA:6,returnBook
DA:1,1
DA:2,1
DA:3,1
DA:4,1
DA:5,1
DA:6,1
DA:7,4
DA:8,4
DA:9,4
DA:10,4
DA:11,4
DA:12,4
DA:13,1
DA:14,1
DA:15,1
DA:16,1
DA:17,1
DA:18,2
DA:19,2
DA:20,4
DA:21,1
DA:22,1
DA:23,1
DA:24,1
DA:25,1
DA:26,1
DA:27,1
DA:28,1
DA:29,1
DA:30,1
DA:31,1
DA:32,1
DA:33,1
DA:34,1
DA:35,1
DA:36,1
DA:37,4
DA:38,1
DA:39,7
DA:40,7
DA:41,7
DA:42,1
DA:43,1
DA:44,1
DA:45,1
DA:46,1
DA:47,6
DA:48,6
DA:49,6
DA:50,7
DA:51,1
DA:52,1
DA:53,1
DA:54,1
DA:55,1
DA:56,7
DA:57,1
DA:58,1
DA:59,1
DA:60,1
DA:61,1
DA:62,3
DA:63,7
DA:64,0
DA:65,0
DA:66,0
DA:67,0
DA:68,0
DA:69,3
DA:70,3
DA:71,3
DA:72,3
DA:73,7
DA:74,1
DA:75,1
DA:76,1
DA:77,1
DA:78,1
DA:79,2
DA:80,2
DA:81,2
DA:82,7
DA:83,1
DA:84,1
DA:85,1
DA:86,1
DA:87,1
DA:88,1
DA:89,1
DA:90,1
DA:91,1
DA:92,1
DA:93,1
DA:94,1
DA:95,1
DA:96,1
DA:97,1
DA:98,1
DA:99,7
DA:100,1
DA:101,6
DA:102,6
DA:103,6
DA:104,1
DA:105,1
DA:106,1
DA:107,1
DA:108,1
DA:109,5
DA:110,5
DA:111,5
DA:112,6
DA:113,1
DA:114,1
DA:115,1
DA:116,1
DA:117,1
DA:118,3
DA:119,6
DA:120,1
DA:121,1
DA:122,1
DA:123,1
DA:124,1
DA:125,2
DA:126,2
DA:127,2
DA:128,2
DA:129,2
DA:130,1
DA:131,2
DA:132,6
DA:133,1
DA:134,1
DA:135,1
DA:136,1
DA:137,1
DA:138,1
DA:139,1
DA:140,1
DA:141,1
DA:142,1
DA:143,1
DA:144,1
DA:145,1
DA:146,1
DA:147,1
DA:148,1
DA:149,6
DA:150,1
DA:151,1
LF:151
LH:146
BRDA:2,0,0,1
BRDA:6,1,0,4
BRDA:11,2,0,3
BRDA:12,3,0,1
BRDA:17,4,0,2
BRDA:20,5,0,1
BRDA:38,6,0,7
BRDA:41,7,0,6
BRDA:41,8,0,1
BRDA:46,9,0,6
BRDA:49,10,0,5
BRDA:50,11,0,1
BRDA:55,12,0,4
BRDA:56,13,0,1
BRDA:61,14,0,3
BRDA:63,15,0,0
BRDA:68,16,0,3
BRDA:73,17,0,1
BRDA:78,18,0,2
BRDA:82,19,0,1
BRDA:100,20,0,6
BRDA:103,21,0,5
BRDA:103,22,0,1
BRDA:108,23,0,5
BRDA:111,24,0,4
BRDA:112,25,0,1
BRDA:117,26,0,3
BRDA:119,27,0,1
BRDA:124,28,0,2
BRDA:132,29,0,1
BRDA:129,30,0,1
BRF:31
BRH:30
end_of_record
TN:
SF:src\interfaces\controllers\memberController.js
FN:2,MemberController
FN:5,getAllMembers
FN:28,getMember
FN:51,createMember
FN:72,updateMember
FN:105,deleteMember
FNF:6
FNH:6
FNDA:1,MemberController
FNDA:1,getAllMembers
FNDA:1,getMember
FNDA:3,createMember
FNDA:4,updateMember
FNDA:3,deleteMember
DA:1,1
DA:2,1
DA:3,1
DA:4,1
DA:5,1
DA:6,1
DA:7,1
DA:8,1
DA:9,0
DA:10,0
DA:11,0
DA:12,0
DA:13,0
DA:14,0
DA:15,1
DA:16,1
DA:17,1
DA:18,1
DA:19,1
DA:20,1
DA:21,0
DA:22,0
DA:23,0
DA:24,0
DA:25,0
DA:26,1
DA:27,1
DA:28,1
DA:29,1
DA:30,1
DA:31,1
DA:32,1
DA:33,0
DA:34,0
DA:35,0
DA:36,0
DA:37,0
DA:38,1
DA:39,1
DA:40,1
DA:41,1
DA:42,1
DA:43,1
DA:44,0
DA:45,0
DA:46,0
DA:47,0
DA:48,0
DA:49,1
DA:50,1
DA:51,1
DA:52,3
DA:53,3
DA:54,3
DA:55,1
DA:56,1
DA:57,1
DA:58,1
DA:59,1
DA:60,2
DA:61,1
DA:62,1
DA:63,1
DA:64,1
DA:65,1
DA:66,1
DA:67,1
DA:68,1
DA:69,1
DA:70,1
DA:71,3
DA:72,1
DA:73,4
DA:74,4
DA:75,4
DA:76,1
DA:77,1
DA:78,1
DA:79,1
DA:80,1
DA:81,3
DA:82,4
DA:83,1
DA:84,1
DA:85,1
DA:86,1
DA:87,1
DA:88,1
DA:89,1
DA:90,1
DA:91,1
DA:92,1
DA:93,1
DA:94,1
DA:95,1
DA:96,1
DA:97,1
DA:98,1
DA:99,1
DA:100,1
DA:101,1
DA:102,4
DA:103,1
DA:104,1
DA:105,1
DA:106,3
DA:107,3
DA:108,3
DA:109,1
DA:110,1
DA:111,1
DA:112,1
DA:113,1
DA:114,2
DA:115,1
DA:116,1
DA:117,1
DA:118,1
DA:119,1
DA:120,1
DA:121,0
DA:122,0
DA:123,0
DA:124,0
DA:125,0
DA:126,3
DA:127,1
DA:128,1
DA:129,1
DA:130,1
DA:131,1
DA:132,3
DA:133,1
DA:134,1
LF:134
LH:108
BRDA:2,0,0,1
BRDA:5,1,0,1
BRDA:8,2,0,0
BRDA:20,3,0,0
BRDA:28,4,0,1
BRDA:32,5,0,0
BRDA:43,6,0,0
BRDA:51,7,0,3
BRDA:54,8,0,1
BRDA:59,9,0,2
BRDA:60,10,0,1
BRDA:72,11,0,4
BRDA:75,12,0,3
BRDA:75,13,0,3
BRDA:75,14,0,1
BRDA:80,15,0,3
BRDA:81,16,0,2
BRDA:82,17,0,1
BRDA:105,18,0,3
BRDA:108,19,0,1
BRDA:113,20,0,2
BRDA:114,21,0,1
BRDA:120,22,0,0
BRDA:126,23,0,1
BRF:24
BRH:19
end_of_record
